[2026-03-13 14:10:41] PRE-TOOL: Bash
[2026-03-13 14:10:41] PRE-TOOL: Bash
[2026-03-13 14:10:41] POST-TOOL: Bash
[2026-03-13 14:10:41] POST-TOOL: Bash
[2026-03-13 14:10:42] PRE-TOOL: Bash
[2026-03-13 16:52:48] PRE-TOOL: Glob
[2026-03-13 16:52:49] POST-TOOL: Glob
[2026-03-13 16:52:52] PRE-TOOL: Read
[2026-03-13 16:52:52] POST-TOOL: Read
[2026-03-13 16:52:52] PRE-TOOL: Read
[2026-03-13 16:52:52] POST-TOOL: Read
[2026-03-13 16:52:52] PRE-TOOL: Read
[2026-03-13 16:52:52] POST-TOOL: Read
[2026-03-13 16:52:53] PRE-TOOL: Read
[2026-03-13 16:52:53] PRE-TOOL: Read
[2026-03-13 16:52:53] POST-TOOL: Read
[2026-03-13 16:52:53] POST-TOOL: Read
[2026-03-13 16:53:38] PRE-TOOL: Bash
[2026-03-13 16:53:40] POST-TOOL: Bash
[2026-03-13 16:53:40] PRE-TOOL: ToolSearch
[2026-03-13 16:53:40] POST-TOOL: ToolSearch
[2026-03-13 16:53:44] PRE-TOOL: mcp__github__search_repositories
[2026-03-13 16:54:03] POST-TOOL: mcp__github__search_repositories
[2026-03-13 16:54:26] PRE-TOOL: ToolSearch
[2026-03-13 16:54:26] POST-TOOL: ToolSearch
[2026-03-13 16:54:30] PRE-TOOL: mcp__github__create_repository
[2026-03-13 16:55:23] PRE-TOOL: Bash
[2026-03-13 16:56:26] POST-TOOL: Bash
[2026-03-13 16:56:31] PRE-TOOL: Bash
[2026-03-13 16:56:41] PRE-TOOL: Bash
[2026-03-13 16:56:41] POST-TOOL: Bash
[2026-03-13 16:56:45] PRE-TOOL: Bash
[2026-03-13 16:56:47] POST-TOOL: Bash
[2026-03-13 16:56:50] PRE-TOOL: Bash
[2026-03-13 16:56:54] POST-TOOL: Bash
[2026-03-13 16:57:39] PRE-TOOL: Bash
[2026-03-13 16:57:48] POST-TOOL: Bash
[2026-03-13 16:57:51] PRE-TOOL: Read
[2026-03-13 16:57:51] POST-TOOL: Read
[2026-03-13 16:57:55] PRE-TOOL: Bash
